chuan@chuan2025:~/Documents/My_Study/AI/ai-code-generation-challenges$ cd /home/chuan/Documents/My_Study/AI/ai-code-generation-challenges/challenges-02_build-a-Breakout-style-game-within-1-hour && pwd
/home/chuan/Documents/My_Study/AI/ai-code-generation-challenges/challenges-02_build-a-Breakout-style-game-within-1-hour
chuan@chuan2025:~/Documents/My_Study/AI/ai-code-generation-challenges/challenges-02_build-a-Breakout-style-game-within-1-hour$ pyenv versions
  system
  3.11-dev
* 3.11.11 (set by /home/chuan/.pyenv/version)
  3.11.11/envs/agents
  3.11.11/envs/ai
  3.11.11/envs/rag
  3.11.11/envs/ru-streams
  3.11.11/envs/tecton
  3.12-dev
  agents --> /home/chuan/.pyenv/versions/3.11.11/envs/agents
  ai --> /home/chuan/.pyenv/versions/3.11.11/envs/ai
  rag --> /home/chuan/.pyenv/versions/3.11.11/envs/rag
  ru-streams --> /home/chuan/.pyenv/versions/3.11.11/envs/ru-streams
  tecton --> /home/chuan/.pyenv/versions/3.11.11/envs/tecton
chuan@chuan2025:~/Documents/My_Study/AI/ai-code-generation-challenges/challenges-02_build-a-Breakout-style-game-within-1-hour$ pyenv virtualenv 3.11.11 breakout-game
chuan@chuan2025:~/Documents/My_Study/AI/ai-code-generation-challenges/challenges-02_build-a-Breakout-style-game-within-1-hour$ pyenv local breakout-game
(breakout-game) chuan@chuan2025:~/Documents/My_Study/AI/ai-code-generation-challenges/challenges-02_build-a-Breakout-style-game-within-1-hour$ python --version
Python 3.11.11
(breakout-game) chuan@chuan2025:~/Documents/My_Study/AI/ai-code-generation-challenges/challenges-02_build-a-Breakout-style-game-within-1-hour$ which python
/home/chuan/.pyenv/shims/python
(breakout-game) chuan@chuan2025:~/Documents/My_Study/AI/ai-code-generation-challenges/challenges-02_build-a-Breakout-style-game-within-1-hour$ pip install -r src/requirements.txt
Collecting pygame==2.5.2 (from -r src/requirements.txt (line 1))
  Downloading pygame-2.5.2-cp311-cp311-manylinux_2_17_x86_64.manylinux2014_x86_64.whl.metadata (13 kB)
Downloading pygame-2.5.2-cp311-cp311-manylinux_2_17_x86_64.manylinux2014_x86_64.whl (14.0 MB)
   ━━━━━━━━━━━━━━━━━━━━━━━━━━━━━━━━━━━━━━━━ 14.0/14.0 MB 6.0 MB/s eta 0:00:00
Installing collected packages: pygame
Successfully installed pygame-2.5.2

[notice] A new release of pip is available: 24.0 -> 25.2
[notice] To update, run: python -m pip install --upgrade pip
(breakout-game) chuan@chuan2025:~/Documents/My_Study/AI/ai-code-generation-challenges/challenges-02_build-a-Breakout-style-game-within-1-hour$ pip list
Package    Version
---------- -------
pip        24.0
pygame     2.5.2
setuptools 65.5.0

[notice] A new release of pip is available: 24.0 -> 25.2
[notice] To update, run: python -m pip install --upgrade pip
(breakout-game) chuan@chuan2025:~/Documents/My_Study/AI/ai-code-generation-challenges/challenges-02_build-a-Breakout-style-game-within-1-hour$ chmod +x setup_env.sh
(breakout-game) chuan@chuan2025:~/Documents/My_Study/AI/ai-code-generation-challenges/challenges-02_build-a-Breakout-style-game-within-1-hour$ chmod +x run_game.sh
(breakout-game) chuan@chuan2025:~/Documents/My_Study/AI/ai-code-generation-challenges/challen(breakout-game) chuan@chuan2025:~/Documents/My_Study/AI/ai-code-generation-challenges/challen(breakout-game) chuan@chuan2025:~/Documents/My_Study/AI/ai-code-generation-challenges/challenges-02_build-a-Bre
akout-style-game-within-1-hour$ ^C
(breakout-game) chuan@chuan2025:~/Documents/My_Study/AI/ai-code-generation-challenges/challenges-02_build-a-Breakout-style-game-within-1-hour$ pkill -f "python src/breakout.py"
(breakout-game) chuan@chuan2025:~/Documents/My_Study/AI/ai-code-generation-challenges/challenges-02_build-a-Breakout-style-game-within-1-hour$ ls -la .python-version
-rw-r--r-- 1 chuan chuan 14 Aug  3 15:43 .python-version
(breakout-game) chuan@chuan2025:~/Documents/My_Study/AI/ai-code-generation-challenges/challenges-02_build-a-Breakout-style-game-within-1-hour$ 